
> my-project@0.1.0 build
> next build

▲ Next.js 16.1.6 (Turbopack)

  Creating an optimized production build ...
✓ Compiled successfully in 5.5s
  Skipping validation of types
  Collecting page data using 15 workers ...
  Generating static pages using 15 workers (0/5) ...
  Generating static pages using 15 workers (1/5) 
  Generating static pages using 15 workers (2/5) 
  Generating static pages using 15 workers (3/5) 
✓ Generating static pages using 15 workers (5/5) in 1063.3ms
  Finalizing page optimization ...

Route (app)
┌ ○ /
├ ○ /_not-found
├ ƒ /level/[id]
└ ○ /victory


○  (Static)   prerendered as static content
ƒ  (Dynamic)  server-rendered on demand

